# JRE version: OpenJDK Runtime Environment (17.0.6) (build 17.0.6+0-b2043.56-10027231)
# Java VM: OpenJDK 64-Bit Server VM (17.0.6+0-b2043.56-10027231, mixed mode, tiered, compressed oops, compressed class ptrs, g1 gc, windows-amd64)
GC Precious Log:
 CPUs: 4 total, 4 available
 Memory: 7886M
 Large Page Support: Disabled
 NUMA Support: Disabled
 Compressed Oops: Enabled (32-bit)
 Heap Region Size: 1M
 Heap Min Capacity: 8M
 Heap Initial Capacity: 124M
 Heap Max Capacity: 2G
 Pre-touch: Disabled
 Parallel Workers: 4
 Concurrent Workers: 1
 Concurrent Refinement Workers: 4
 Periodic GC: Disabled
Heap:
 garbage-first heap   total 324608K, used 137782K [0x0000000080000000, 0x0000000100000000)
  region size 1024K, 10 young (10240K), 10 survivors (10240K)
 Metaspace       used 138650K, committed 139520K, reserved 1171456K
  class space    used 18192K, committed 18624K, reserved 1048576K
GC Heap History (20 events):
Event: 3805.176 GC heap after
{Heap after GC invocations=51 (full 0):
 garbage-first heap   total 311296K, used 144467K [0x0000000080000000, 0x0000000100000000)
  region size 1024K, 5 young (5120K), 5 survivors (5120K)
 Metaspace       used 137220K, committed 138112K, reserved 1171456K
  class space    used 18171K, committed 18624K, reserved 1048576K
}
Event: 3809.675 GC heap before
{Heap before GC invocations=52 (full 0):
 garbage-first heap   total 311296K, used 254035K [0x0000000080000000, 0x0000000100000000)
  region size 1024K, 108 young (110592K), 5 survivors (5120K)
 Metaspace       used 136946K, committed 138112K, reserved 1171456K
  class space    used 18093K, committed 18624K, reserved 1048576K
}
Event: 3809.720 GC heap after
{Heap after GC invocations=53 (full 0):
 garbage-first heap   total 311296K, used 136077K [0x0000000080000000, 0x0000000100000000)
  region size 1024K, 10 young (10240K), 10 survivors (10240K)
 Metaspace       used 136946K, committed 138112K, reserved 1171456K
  class space    used 18093K, committed 18624K, reserved 1048576K
}
Event: 3809.795 GC heap before
{Heap before GC invocations=53 (full 0):
 garbage-first heap   total 311296K, used 140173K [0x0000000080000000, 0x0000000100000000)
  region size 1024K, 15 young (15360K), 10 survivors (10240K)
 Metaspace       used 136958K, committed 138112K, reserved 1171456K
  class space    used 18093K, committed 18624K, reserved 1048576K
}
Event: 3809.856 GC heap after
{Heap after GC invocations=54 (full 0):
 garbage-first heap   total 311296K, used 114704K [0x0000000080000000, 0x0000000100000000)
  region size 1024K, 2 young (2048K), 2 survivors (2048K)
 Metaspace       used 136958K, committed 138112K, reserved 1171456K
  class space    used 18093K, committed 18624K, reserved 1048576K
}
Event: 3809.911 GC heap before
{Heap before GC invocations=54 (full 0):
 garbage-first heap   total 311296K, used 126992K [0x0000000080000000, 0x0000000100000000)
  region size 1024K, 15 young (15360K), 2 survivors (2048K)
 Metaspace       used 136971K, committed 138112K, reserved 1171456K
  class space    used 18093K, committed 18624K, reserved 1048576K
}
Event: 3809.929 GC heap after
{Heap after GC invocations=55 (full 0):
 garbage-first heap   total 311296K, used 111109K [0x0000000080000000, 0x0000000100000000)
  region size 1024K, 2 young (2048K), 2 survivors (2048K)
 Metaspace       used 136971K, committed 138112K, reserved 1171456K
  class space    used 18093K, committed 18624K, reserved 1048576K
}
Event: 3810.535 GC heap before
{Heap before GC invocations=55 (full 0):
 garbage-first heap   total 311296K, used 142853K [0x0000000080000000, 0x0000000100000000)
  region size 1024K, 35 young (35840K), 2 survivors (2048K)
 Metaspace       used 137281K, committed 138176K, reserved 1171456K
  class space    used 18111K, committed 18624K, reserved 1048576K
}
Event: 3810.541 GC heap after
{Heap after GC invocations=56 (full 0):
 garbage-first heap   total 311296K, used 114094K [0x0000000080000000, 0x0000000100000000)
  region size 1024K, 5 young (5120K), 5 survivors (5120K)
 Metaspace       used 137281K, committed 138176K, reserved 1171456K
  class space    used 18111K, committed 18624K, reserved 1048576K
}
Event: 3812.513 GC heap before
{Heap before GC invocations=57 (full 0):
 garbage-first heap   total 311296K, used 250286K [0x0000000080000000, 0x0000000100000000)
  region size 1024K, 134 young (137216K), 5 survivors (5120K)
 Metaspace       used 137852K, committed 138688K, reserved 1171456K
  class space    used 18119K, committed 18624K, reserved 1048576K
}
Event: 3812.548 GC heap after
{Heap after GC invocations=58 (full 0):
 garbage-first heap   total 311296K, used 121206K [0x0000000080000000, 0x0000000100000000)
  region size 1024K, 9 young (9216K), 9 survivors (9216K)
 Metaspace       used 137852K, committed 138688K, reserved 1171456K
  class space    used 18119K, committed 18624K, reserved 1048576K
}
Event: 3812.681 GC heap before
{Heap before GC invocations=58 (full 0):
 garbage-first heap   total 311296K, used 126326K [0x0000000080000000, 0x0000000100000000)
  region size 1024K, 15 young (15360K), 9 survivors (9216K)
 Metaspace       used 137944K, committed 138816K, reserved 1171456K
  class space    used 18126K, committed 18624K, reserved 1048576K
}
Event: 3812.704 GC heap after
{Heap after GC invocations=59 (full 0):
 garbage-first heap   total 311296K, used 109212K [0x0000000080000000, 0x0000000100000000)
  region size 1024K, 2 young (2048K), 2 survivors (2048K)
 Metaspace       used 137944K, committed 138816K, reserved 1171456K
  class space    used 18126K, committed 18624K, reserved 1048576K
}
Event: 3812.822 GC heap before
{Heap before GC invocations=59 (full 0):
 garbage-first heap   total 311296K, used 129692K [0x0000000080000000, 0x0000000100000000)
  region size 1024K, 23 young (23552K), 2 survivors (2048K)
 Metaspace       used 138000K, committed 138880K, reserved 1171456K
  class space    used 18126K, committed 18624K, reserved 1048576K
}
Event: 3812.830 GC heap after
{Heap after GC invocations=60 (full 0):
 garbage-first heap   total 311296K, used 114460K [0x0000000080000000, 0x0000000100000000)
  region size 1024K, 8 young (8192K), 8 survivors (8192K)
 Metaspace       used 138000K, committed 138880K, reserved 1171456K
  class space    used 18126K, committed 18624K, reserved 1048576K
}
Event: 4487.086 GC heap before
{Heap before GC invocations=61 (full 0):
 garbage-first heap   total 311296K, used 256796K [0x0000000080000000, 0x0000000100000000)
  region size 1024K, 118 young (120832K), 8 survivors (8192K)
 Metaspace       used 138639K, committed 139456K, reserved 1171456K
  class space    used 18192K, committed 18624K, reserved 1048576K
}
Event: 4487.221 GC heap after
{Heap after GC invocations=62 (full 0):
 garbage-first heap   total 311296K, used 130432K [0x0000000080000000, 0x0000000100000000)
  region size 1024K, 15 young (15360K), 15 survivors (15360K)
 Metaspace       used 138639K, committed 139456K, reserved 1171456K
  class space    used 18192K, committed 18624K, reserved 1048576K
}
Event: 4487.232 GC heap before
{Heap before GC invocations=62 (full 0):
 garbage-first heap   total 311296K, used 130432K [0x0000000080000000, 0x0000000100000000)
  region size 1024K, 16 young (16384K), 15 survivors (15360K)
 Metaspace       used 138639K, committed 139456K, reserved 1171456K
  class space    used 18192K, committed 18624K, reserved 1048576K
}
Event: 4487.360 GC heap after
{Heap after GC invocations=63 (full 0):
 garbage-first heap   total 311296K, used 128936K [0x0000000080000000, 0x0000000100000000)
  region size 1024K, 1 young (1024K), 1 survivors (1024K)
 Metaspace       used 138639K, committed 139456K, reserved 1171456K
  class space    used 18192K, committed 18624K, reserved 1048576K
}
Event: 4487.963 GC heap before
{Heap before GC invocations=63 (full 0):
 garbage-first heap   total 311296K, used 144296K [0x0000000080000000, 0x0000000100000000)
  region size 1024K, 18 young (18432K), 1 survivors (1024K)
 Metaspace       used 138650K, committed 139520K, reserved 1171456K
  class space    used 18192K, committed 18624K, reserved 1048576K
}

