# JRE version: OpenJDK Runtime Environment (17.0.6) (build 17.0.6+0-b2043.56-10027231)
# Java VM: OpenJDK 64-Bit Server VM (17.0.6+0-b2043.56-10027231, mixed mode, tiered, compressed oops, compressed class ptrs, g1 gc, windows-amd64)
GC Precious Log:
 CPUs: 4 total, 4 available
 Memory: 7886M
 Large Page Support: Disabled
 NUMA Support: Disabled
 Compressed Oops: Enabled (32-bit)
 Heap Region Size: 1M
 Heap Min Capacity: 8M
 Heap Initial Capacity: 124M
 Heap Max Capacity: 2G
 Pre-touch: Disabled
 Parallel Workers: 4
 Concurrent Workers: 1
 Concurrent Refinement Workers: 4
 Periodic GC: Disabled
Heap:
 garbage-first heap   total 252928K, used 136122K [0x0000000080000000, 0x0000000100000000)
  region size 1024K, 5 young (5120K), 5 survivors (5120K)
 Metaspace       used 138439K, committed 139392K, reserved 1171456K
  class space    used 18398K, committed 18880K, reserved 1048576K
GC Heap History (20 events):
Event: 1344.348 GC heap after
{Heap after GC invocations=56 (full 0):
 garbage-first heap   total 229376K, used 121973K [0x0000000080000000, 0x0000000100000000)
  region size 1024K, 2 young (2048K), 2 survivors (2048K)
 Metaspace       used 125935K, committed 126656K, reserved 1163264K
  class space    used 16682K, committed 17024K, reserved 1048576K
}
Event: 1425.955 GC heap before
{Heap before GC invocations=57 (full 0):
 garbage-first heap   total 229376K, used 209013K [0x0000000080000000, 0x0000000100000000)
  region size 1024K, 65 young (66560K), 2 survivors (2048K)
 Metaspace       used 131268K, committed 132096K, reserved 1163264K
  class space    used 17629K, committed 18048K, reserved 1048576K
}
Event: 1426.046 GC heap after
{Heap after GC invocations=58 (full 0):
 garbage-first heap   total 229376K, used 127316K [0x0000000080000000, 0x0000000100000000)
  region size 1024K, 7 young (7168K), 7 survivors (7168K)
 Metaspace       used 131268K, committed 132096K, reserved 1163264K
  class space    used 17629K, committed 18048K, reserved 1048576K
}
Event: 1426.173 GC heap before
{Heap before GC invocations=58 (full 0):
 garbage-first heap   total 229376K, used 130388K [0x0000000080000000, 0x0000000100000000)
  region size 1024K, 11 young (11264K), 7 survivors (7168K)
 Metaspace       used 131277K, committed 132096K, reserved 1163264K
  class space    used 17629K, committed 18048K, reserved 1048576K
}
Event: 1426.271 GC heap after
{Heap after GC invocations=59 (full 0):
 garbage-first heap   total 229376K, used 111850K [0x0000000080000000, 0x0000000100000000)
  region size 1024K, 1 young (1024K), 1 survivors (1024K)
 Metaspace       used 131277K, committed 132096K, reserved 1163264K
  class space    used 17629K, committed 18048K, reserved 1048576K
}
Event: 2535.189 GC heap before
{Heap before GC invocations=59 (full 0):
 garbage-first heap   total 229376K, used 186602K [0x0000000080000000, 0x0000000100000000)
  region size 1024K, 74 young (75776K), 1 survivors (1024K)
 Metaspace       used 131685K, committed 132608K, reserved 1171456K
  class space    used 17648K, committed 18112K, reserved 1048576K
}
Event: 2535.367 GC heap after
{Heap after GC invocations=60 (full 0):
 garbage-first heap   total 229376K, used 117462K [0x0000000080000000, 0x0000000100000000)
  region size 1024K, 7 young (7168K), 7 survivors (7168K)
 Metaspace       used 131685K, committed 132608K, reserved 1171456K
  class space    used 17648K, committed 18112K, reserved 1048576K
}
Event: 3178.944 GC heap before
{Heap before GC invocations=61 (full 0):
 garbage-first heap   total 229376K, used 182998K [0x0000000080000000, 0x0000000100000000)
  region size 1024K, 72 young (73728K), 7 survivors (7168K)
 Metaspace       used 131906K, committed 132800K, reserved 1171456K
  class space    used 17650K, committed 18112K, reserved 1048576K
}
Event: 3179.023 GC heap after
{Heap after GC invocations=62 (full 0):
 garbage-first heap   total 229376K, used 122612K [0x0000000080000000, 0x0000000100000000)
  region size 1024K, 7 young (7168K), 7 survivors (7168K)
 Metaspace       used 131906K, committed 132800K, reserved 1171456K
  class space    used 17650K, committed 18112K, reserved 1048576K
}
Event: 3179.226 GC heap before
{Heap before GC invocations=62 (full 0):
 garbage-first heap   total 229376K, used 126708K [0x0000000080000000, 0x0000000100000000)
  region size 1024K, 11 young (11264K), 7 survivors (7168K)
 Metaspace       used 131984K, committed 132864K, reserved 1171456K
  class space    used 17665K, committed 18112K, reserved 1048576K
}
Event: 3179.314 GC heap after
{Heap after GC invocations=63 (full 0):
 garbage-first heap   total 229376K, used 109656K [0x0000000080000000, 0x0000000100000000)
  region size 1024K, 2 young (2048K), 2 survivors (2048K)
 Metaspace       used 131984K, committed 132864K, reserved 1171456K
  class space    used 17665K, committed 18112K, reserved 1048576K
}
Event: 3179.616 GC heap before
{Heap before GC invocations=63 (full 0):
 garbage-first heap   total 229376K, used 119896K [0x0000000080000000, 0x0000000100000000)
  region size 1024K, 11 young (11264K), 2 survivors (2048K)
 Metaspace       used 133393K, committed 134272K, reserved 1171456K
  class space    used 17857K, committed 18304K, reserved 1048576K
}
Event: 3179.637 GC heap after
{Heap after GC invocations=64 (full 0):
 garbage-first heap   total 229376K, used 113152K [0x0000000080000000, 0x0000000100000000)
  region size 1024K, 2 young (2048K), 2 survivors (2048K)
 Metaspace       used 133393K, committed 134272K, reserved 1171456K
  class space    used 17857K, committed 18304K, reserved 1048576K
}
Event: 3181.073 GC heap before
{Heap before GC invocations=64 (full 0):
 garbage-first heap   total 229376K, used 156160K [0x0000000080000000, 0x0000000100000000)
  region size 1024K, 46 young (47104K), 2 survivors (2048K)
 Metaspace       used 134750K, committed 135616K, reserved 1171456K
  class space    used 17999K, committed 18432K, reserved 1048576K
}
Event: 3181.114 GC heap after
{Heap after GC invocations=65 (full 0):
 garbage-first heap   total 229376K, used 133881K [0x0000000080000000, 0x0000000100000000)
  region size 1024K, 9 young (9216K), 9 survivors (9216K)
 Metaspace       used 134750K, committed 135616K, reserved 1171456K
  class space    used 17999K, committed 18432K, reserved 1048576K
}
Event: 3184.933 GC heap before
{Heap before GC invocations=66 (full 0):
 garbage-first heap   total 252928K, used 187129K [0x0000000080000000, 0x0000000100000000)
  region size 1024K, 47 young (48128K), 9 survivors (9216K)
 Metaspace       used 137503K, committed 138368K, reserved 1171456K
  class space    used 18305K, committed 18752K, reserved 1048576K
}
Event: 3184.952 GC heap after
{Heap after GC invocations=67 (full 0):
 garbage-first heap   total 252928K, used 136704K [0x0000000080000000, 0x0000000100000000)
  region size 1024K, 4 young (4096K), 4 survivors (4096K)
 Metaspace       used 137503K, committed 138368K, reserved 1171456K
  class space    used 18305K, committed 18752K, reserved 1048576K
}
Event: 3185.012 GC heap before
{Heap before GC invocations=67 (full 0):
 garbage-first heap   total 252928K, used 143872K [0x0000000080000000, 0x0000000100000000)
  region size 1024K, 12 young (12288K), 4 survivors (4096K)
 Metaspace       used 137563K, committed 138432K, reserved 1171456K
  class space    used 18310K, committed 18752K, reserved 1048576K
}
Event: 3185.026 GC heap after
{Heap after GC invocations=68 (full 0):
 garbage-first heap   total 252928K, used 133050K [0x0000000080000000, 0x0000000100000000)
  region size 1024K, 2 young (2048K), 2 survivors (2048K)
 Metaspace       used 137563K, committed 138432K, reserved 1171456K
  class space    used 18310K, committed 18752K, reserved 1048576K
}
Event: 3185.844 GC heap before
{Heap before GC invocations=68 (full 0):
 garbage-first heap   total 252928K, used 187322K [0x0000000080000000, 0x0000000100000000)
  region size 1024K, 56 young (57344K), 2 survivors (2048K)
 Metaspace       used 138439K, committed 139392K, reserved 1171456K
  class space    used 18398K, committed 18880K, reserved 1048576K
}

