# JRE version: OpenJDK Runtime Environment (17.0.6) (build 17.0.6+0-b2043.56-10027231)
# Java VM: OpenJDK 64-Bit Server VM (17.0.6+0-b2043.56-10027231, mixed mode, tiered, compressed oops, compressed class ptrs, g1 gc, windows-amd64)
GC Precious Log:
 CPUs: 4 total, 4 available
 Memory: 7886M
 Large Page Support: Disabled
 NUMA Support: Disabled
 Compressed Oops: Enabled (32-bit)
 Heap Region Size: 1M
 Heap Min Capacity: 8M
 Heap Initial Capacity: 124M
 Heap Max Capacity: 2G
 Pre-touch: Disabled
 Parallel Workers: 4
 Concurrent Workers: 1
 Concurrent Refinement Workers: 4
 Periodic GC: Disabled
Heap:
 garbage-first heap   total 276480K, used 151993K [0x0000000080000000, 0x0000000100000000)
  region size 1024K, 2 young (2048K), 2 survivors (2048K)
 Metaspace       used 118604K, committed 119296K, reserved 1155072K
  class space    used 15800K, committed 16128K, reserved 1048576K
GC Heap History (20 events):
Event: 19.633 GC heap after
{Heap after GC invocations=35 (full 0):
 garbage-first heap   total 233472K, used 89931K [0x0000000080000000, 0x0000000100000000)
  region size 1024K, 9 young (9216K), 9 survivors (9216K)
 Metaspace       used 94551K, committed 95168K, reserved 1138688K
  class space    used 12717K, committed 12992K, reserved 1048576K
}
Event: 21.114 GC heap before
{Heap before GC invocations=35 (full 0):
 garbage-first heap   total 233472K, used 177995K [0x0000000080000000, 0x0000000100000000)
  region size 1024K, 96 young (98304K), 9 survivors (9216K)
 Metaspace       used 95378K, committed 96064K, reserved 1138688K
  class space    used 12803K, committed 13120K, reserved 1048576K
}
Event: 21.133 GC heap after
{Heap after GC invocations=36 (full 0):
 garbage-first heap   total 233472K, used 96256K [0x0000000080000000, 0x0000000100000000)
  region size 1024K, 8 young (8192K), 8 survivors (8192K)
 Metaspace       used 95378K, committed 96064K, reserved 1138688K
  class space    used 12803K, committed 13120K, reserved 1048576K
}
Event: 162.204 GC heap before
{Heap before GC invocations=36 (full 0):
 garbage-first heap   total 233472K, used 183296K [0x0000000080000000, 0x0000000100000000)
  region size 1024K, 94 young (96256K), 8 survivors (8192K)
 Metaspace       used 102209K, committed 102976K, reserved 1138688K
  class space    used 13439K, committed 13824K, reserved 1048576K
}
Event: 162.243 GC heap after
{Heap after GC invocations=37 (full 0):
 garbage-first heap   total 233472K, used 103530K [0x0000000080000000, 0x0000000100000000)
  region size 1024K, 8 young (8192K), 8 survivors (8192K)
 Metaspace       used 102209K, committed 102976K, reserved 1138688K
  class space    used 13439K, committed 13824K, reserved 1048576K
}
Event: 165.955 GC heap before
{Heap before GC invocations=37 (full 0):
 garbage-first heap   total 233472K, used 184426K [0x0000000080000000, 0x0000000100000000)
  region size 1024K, 88 young (90112K), 8 survivors (8192K)
 Metaspace       used 106729K, committed 107456K, reserved 1146880K
  class space    used 14024K, committed 14336K, reserved 1048576K
}
Event: 165.978 GC heap after
{Heap after GC invocations=38 (full 0):
 garbage-first heap   total 233472K, used 111986K [0x0000000080000000, 0x0000000100000000)
  region size 1024K, 9 young (9216K), 9 survivors (9216K)
 Metaspace       used 106729K, committed 107456K, reserved 1146880K
  class space    used 14024K, committed 14336K, reserved 1048576K
}
Event: 166.294 GC heap before
{Heap before GC invocations=38 (full 0):
 garbage-first heap   total 233472K, used 145778K [0x0000000080000000, 0x0000000100000000)
  region size 1024K, 44 young (45056K), 9 survivors (9216K)
 Metaspace       used 108984K, committed 109696K, reserved 1146880K
  class space    used 14335K, committed 14656K, reserved 1048576K
}
Event: 166.315 GC heap after
{Heap after GC invocations=39 (full 0):
 garbage-first heap   total 233472K, used 118494K [0x0000000080000000, 0x0000000100000000)
  region size 1024K, 7 young (7168K), 7 survivors (7168K)
 Metaspace       used 108984K, committed 109696K, reserved 1146880K
  class space    used 14335K, committed 14656K, reserved 1048576K
}
Event: 167.058 GC heap before
{Heap before GC invocations=40 (full 0):
 garbage-first heap   total 233472K, used 184030K [0x0000000080000000, 0x0000000100000000)
  region size 1024K, 71 young (72704K), 7 survivors (7168K)
 Metaspace       used 112144K, committed 112896K, reserved 1155072K
  class space    used 14794K, committed 15168K, reserved 1048576K
}
Event: 167.090 GC heap after
{Heap after GC invocations=41 (full 0):
 garbage-first heap   total 233472K, used 130048K [0x0000000080000000, 0x0000000100000000)
  region size 1024K, 9 young (9216K), 9 survivors (9216K)
 Metaspace       used 112144K, committed 112896K, reserved 1155072K
  class space    used 14794K, committed 15168K, reserved 1048576K
}
Event: 167.133 GC heap before
{Heap before GC invocations=41 (full 0):
 garbage-first heap   total 233472K, used 132096K [0x0000000080000000, 0x0000000100000000)
  region size 1024K, 11 young (11264K), 9 survivors (9216K)
 Metaspace       used 112241K, committed 112960K, reserved 1155072K
  class space    used 14809K, committed 15168K, reserved 1048576K
}
Event: 167.161 GC heap after
{Heap after GC invocations=42 (full 0):
 garbage-first heap   total 233472K, used 125732K [0x0000000080000000, 0x0000000100000000)
  region size 1024K, 2 young (2048K), 2 survivors (2048K)
 Metaspace       used 112241K, committed 112960K, reserved 1155072K
  class space    used 14809K, committed 15168K, reserved 1048576K
}
Event: 167.759 GC heap before
{Heap before GC invocations=42 (full 0):
 garbage-first heap   total 233472K, used 183076K [0x0000000080000000, 0x0000000100000000)
  region size 1024K, 59 young (60416K), 2 survivors (2048K)
 Metaspace       used 114875K, committed 115584K, reserved 1155072K
  class space    used 15159K, committed 15488K, reserved 1048576K
}
Event: 167.786 GC heap after
{Heap after GC invocations=43 (full 0):
 garbage-first heap   total 233472K, used 134144K [0x0000000080000000, 0x0000000100000000)
  region size 1024K, 8 young (8192K), 8 survivors (8192K)
 Metaspace       used 114875K, committed 115584K, reserved 1155072K
  class space    used 15159K, committed 15488K, reserved 1048576K
}
Event: 168.108 GC heap before
{Heap before GC invocations=43 (full 0):
 garbage-first heap   total 276480K, used 187392K [0x0000000080000000, 0x0000000100000000)
  region size 1024K, 60 young (61440K), 8 survivors (8192K)
 Metaspace       used 115093K, committed 115840K, reserved 1155072K
  class space    used 15189K, committed 15552K, reserved 1048576K
}
Event: 168.129 GC heap after
{Heap after GC invocations=44 (full 0):
 garbage-first heap   total 276480K, used 142868K [0x0000000080000000, 0x0000000100000000)
  region size 1024K, 8 young (8192K), 8 survivors (8192K)
 Metaspace       used 115093K, committed 115840K, reserved 1155072K
  class space    used 15189K, committed 15552K, reserved 1048576K
}
Event: 168.782 GC heap before
{Heap before GC invocations=45 (full 0):
 garbage-first heap   total 276480K, used 217620K [0x0000000080000000, 0x0000000100000000)
  region size 1024K, 81 young (82944K), 8 survivors (8192K)
 Metaspace       used 118566K, committed 119296K, reserved 1155072K
  class space    used 15793K, committed 16128K, reserved 1048576K
}
Event: 168.807 GC heap after
{Heap after GC invocations=46 (full 0):
 garbage-first heap   total 276480K, used 153342K [0x0000000080000000, 0x0000000100000000)
  region size 1024K, 10 young (10240K), 10 survivors (10240K)
 Metaspace       used 118566K, committed 119296K, reserved 1155072K
  class space    used 15793K, committed 16128K, reserved 1048576K
}
Event: 168.828 GC heap before
{Heap before GC invocations=46 (full 0):
 garbage-first heap   total 276480K, used 156414K [0x0000000080000000, 0x0000000100000000)
  region size 1024K, 13 young (13312K), 10 survivors (10240K)
 Metaspace       used 118604K, committed 119296K, reserved 1155072K
  class space    used 15800K, committed 16128K, reserved 1048576K
}

